<?xml version="1.0" encoding="UTF-8"?>
<!-- Generated by org.testng.reporters.JUnitReportReporter -->
<testsuite skipped="0" hostname="ADMIN-PC" name="SomaPackages.webtables" tests="1" failures="0" timestamp="2020-03-24T12:56:24 IST" time="0.356" errors="0">
  <testcase name="TetsMethod" time="0.356" classname="SomaPackages.webtables"/>
</testsuite> <!-- SomaPackages.webtables -->
