<?xml version="1.0" encoding="UTF-8"?>
<!-- Generated by org.testng.reporters.JUnitReportReporter -->
<testsuite skipped="0" hostname="ADMIN-PC" name="login.LoginPage" tests="1" failures="0" timestamp="2020-03-19T12:10:35 IST" time="25.393" errors="0">
  <testcase name="TestMethd" time="25.393" classname="login.LoginPage"/>
</testsuite> <!-- login.LoginPage -->
