<?xml version="1.0" encoding="UTF-8"?>
<!-- Generated by org.testng.reporters.JUnitReportReporter -->
<testsuite skipped="0" hostname="ADMIN-PC" name="login.teampfile" tests="1" failures="0" timestamp="2020-03-20T12:58:43 IST" time="33.087" errors="0">
  <testcase name="testmethod_1" time="33.087" classname="login.teampfile"/>
</testsuite> <!-- login.teampfile -->
